{
  message: '🛢   Database is connected successfully',
  level: 'info',
  label: 'right meow!',
  timestamp: '2023-10-12T07:36:57.564Z'
}
{
  message: 'Application  listening on port 5000',
  level: 'info',
  label: 'right meow!',
  timestamp: '2023-10-12T07:36:57.577Z'
}
{
  message: '🛢   Database is connected successfully',
  level: 'info',
  label: 'right meow!',
  timestamp: '2023-10-12T07:37:34.153Z'
}
{
  message: 'Application  listening on port 5000',
  level: 'info',
  label: 'right meow!',
  timestamp: '2023-10-12T07:37:34.174Z'
}
{
  message: '🛢   Database is connected successfully',
  level: 'info',
  label: 'right meow!',
  timestamp: '2023-10-12T07:37:35.918Z'
}
{
  message: 'Application  listening on port 5000',
  level: 'info',
  label: 'right meow!',
  timestamp: '2023-10-12T07:37:35.929Z'
}
{
  message: '🛢   Database is connected successfully',
  level: 'info',
  label: 'right meow!',
  timestamp: '2023-10-12T07:37:40.617Z'
}
{
  message: 'Application  listening on port 5000',
  level: 'info',
  label: 'right meow!',
  timestamp: '2023-10-12T07:37:40.635Z'
}
{
  message: '🛢   Database is connected successfully',
  level: 'info',
  label: 'right meow!',
  timestamp: '2023-10-12T07:37:47.404Z'
}
{
  message: 'Application  listening on port 5000',
  level: 'info',
  label: 'right meow!',
  timestamp: '2023-10-12T07:37:47.425Z'
}
{
  message: '🛢   Database is connected successfully',
  level: 'info',
  label: 'right meow!',
  timestamp: '2023-10-12T07:37:49.280Z'
}
{
  message: '🛢   Database is connected successfully',
  level: 'info',
  label: 'right meow!',
  timestamp: '2023-10-12T07:37:52.890Z'
}
{
  message: '🛢   Database is connected successfully',
  level: 'info',
  label: 'right meow!',
  timestamp: '2023-10-12T07:37:58.470Z'
}
{
  message: '🛢   Database is connected successfully',
  level: 'info',
  label: 'right meow!',
  timestamp: '2023-10-12T07:38:20.104Z'
}
{
  message: 'Application  listening on port 5000',
  level: 'info',
  label: 'right meow!',
  timestamp: '2023-10-12T07:38:20.132Z'
}
{
  message: '🛢   Database is connected successfully',
  level: 'info',
  label: 'right meow!',
  timestamp: '2023-10-12T07:38:26.153Z'
}
{
  message: 'Application  listening on port 5000',
  level: 'info',
  label: 'right meow!',
  timestamp: '2023-10-12T07:38:26.162Z'
}
{
  message: '🛢   Database is connected successfully',
  level: 'info',
  label: 'right meow!',
  timestamp: '2023-10-12T07:38:35.122Z'
}
{
  message: 'Application  listening on port 5000',
  level: 'info',
  label: 'right meow!',
  timestamp: '2023-10-12T07:38:35.131Z'
}
{
  message: '🛢   Database is connected successfully',
  level: 'info',
  label: 'right meow!',
  timestamp: '2023-10-12T07:38:38.201Z'
}
{
  message: 'Application  listening on port 5000',
  level: 'info',
  label: 'right meow!',
  timestamp: '2023-10-12T07:38:38.210Z'
}
{
  message: '🛢   Database is connected successfully',
  level: 'info',
  label: 'right meow!',
  timestamp: '2023-10-12T07:38:50.306Z'
}
{
  message: 'Application  listening on port 5000',
  level: 'info',
  label: 'right meow!',
  timestamp: '2023-10-12T07:38:50.321Z'
}
{
  message: '🛢   Database is connected successfully',
  level: 'info',
  label: 'right meow!',
  timestamp: '2023-10-12T07:38:52.287Z'
}
{
  message: 'Application  listening on port 5000',
  level: 'info',
  label: 'right meow!',
  timestamp: '2023-10-12T07:38:52.301Z'
}
{
  message: '🛢   Database is connected successfully',
  level: 'info',
  label: 'right meow!',
  timestamp: '2023-10-12T07:38:58.310Z'
}
{
  message: 'Application  listening on port 5000',
  level: 'info',
  label: 'right meow!',
  timestamp: '2023-10-12T07:38:58.337Z'
}
{
  message: '🛢   Database is connected successfully',
  level: 'info',
  label: 'right meow!',
  timestamp: '2023-10-12T07:39:05.000Z'
}
{
  message: 'Application  listening on port 5000',
  level: 'info',
  label: 'right meow!',
  timestamp: '2023-10-12T07:39:05.012Z'
}
{
  message: '🛢   Database is connected successfully',
  level: 'info',
  label: 'right meow!',
  timestamp: '2023-10-12T07:39:16.575Z'
}
{
  message: 'Application  listening on port 5000',
  level: 'info',
  label: 'right meow!',
  timestamp: '2023-10-12T07:39:16.611Z'
}
{
  message: '🛢   Database is connected successfully',
  level: 'info',
  label: 'right meow!',
  timestamp: '2023-10-12T07:39:19.245Z'
}
{
  message: 'Application  listening on port 5000',
  level: 'info',
  label: 'right meow!',
  timestamp: '2023-10-12T07:39:19.261Z'
}
{
  message: '🛢   Database is connected successfully',
  level: 'info',
  label: 'right meow!',
  timestamp: '2023-10-12T07:39:24.518Z'
}
{
  message: 'Application  listening on port 5000',
  level: 'info',
  label: 'right meow!',
  timestamp: '2023-10-12T07:39:24.531Z'
}
{
  message: '🛢   Database is connected successfully',
  level: 'info',
  label: 'right meow!',
  timestamp: '2023-10-12T07:39:35.663Z'
}
{
  message: 'Application  listening on port 5000',
  level: 'info',
  label: 'right meow!',
  timestamp: '2023-10-12T07:39:35.675Z'
}
{
  message: '🛢   Database is connected successfully',
  level: 'info',
  label: 'right meow!',
  timestamp: '2023-10-12T07:39:39.404Z'
}
{
  message: 'Application  listening on port 5000',
  level: 'info',
  label: 'right meow!',
  timestamp: '2023-10-12T07:39:39.433Z'
}
{
  message: '🛢   Database is connected successfully',
  level: 'info',
  label: 'right meow!',
  timestamp: '2023-10-12T07:39:44.806Z'
}
{
  message: 'Application  listening on port 5000',
  level: 'info',
  label: 'right meow!',
  timestamp: '2023-10-12T07:39:44.819Z'
}
{
  message: '🛢   Database is connected successfully',
  level: 'info',
  label: 'right meow!',
  timestamp: '2023-10-12T07:39:51.114Z'
}
{
  message: 'Application  listening on port 5000',
  level: 'info',
  label: 'right meow!',
  timestamp: '2023-10-12T07:39:51.127Z'
}
{
  message: '🛢   Database is connected successfully',
  level: 'info',
  label: 'right meow!',
  timestamp: '2023-10-12T07:39:56.601Z'
}
{
  message: 'Application  listening on port 5000',
  level: 'info',
  label: 'right meow!',
  timestamp: '2023-10-12T07:39:56.619Z'
}
{
  message: '🛢   Database is connected successfully',
  level: 'info',
  label: 'right meow!',
  timestamp: '2023-10-12T07:40:00.279Z'
}
{
  message: 'Application  listening on port 5000',
  level: 'info',
  label: 'right meow!',
  timestamp: '2023-10-12T07:40:00.290Z'
}
{
  message: '🛢   Database is connected successfully',
  level: 'info',
  label: 'right meow!',
  timestamp: '2023-10-12T07:40:08.604Z'
}
{
  message: 'Application  listening on port 5000',
  level: 'info',
  label: 'right meow!',
  timestamp: '2023-10-12T07:40:08.623Z'
}
{
  message: '🛢   Database is connected successfully',
  level: 'info',
  label: 'right meow!',
  timestamp: '2023-10-12T07:41:25.044Z'
}
{
  message: 'Application  listening on port 5000',
  level: 'info',
  label: 'right meow!',
  timestamp: '2023-10-12T07:41:25.062Z'
}
{
  message: '🛢   Database is connected successfully',
  level: 'info',
  label: 'right meow!',
  timestamp: '2023-10-12T07:41:29.170Z'
}
{
  message: 'Application  listening on port 5000',
  level: 'info',
  label: 'right meow!',
  timestamp: '2023-10-12T07:41:29.180Z'
}
{
  message: '🛢   Database is connected successfully',
  level: 'info',
  label: 'right meow!',
  timestamp: '2023-10-12T07:41:35.582Z'
}
{
  message: 'Application  listening on port 5000',
  level: 'info',
  label: 'right meow!',
  timestamp: '2023-10-12T07:41:35.604Z'
}
{
  message: '🛢   Database is connected successfully',
  level: 'info',
  label: 'right meow!',
  timestamp: '2023-10-12T07:41:44.133Z'
}
{
  message: 'Application  listening on port 5000',
  level: 'info',
  label: 'right meow!',
  timestamp: '2023-10-12T07:41:44.153Z'
}
{
  message: '🛢   Database is connected successfully',
  level: 'info',
  label: 'right meow!',
  timestamp: '2023-10-12T07:42:44.280Z'
}
{
  message: 'Application  listening on port 5000',
  level: 'info',
  label: 'right meow!',
  timestamp: '2023-10-12T07:42:44.291Z'
}
{
  message: '🛢   Database is connected successfully',
  level: 'info',
  label: 'right meow!',
  timestamp: '2023-10-12T07:42:50.906Z'
}
{
  message: 'Application  listening on port 5000',
  level: 'info',
  label: 'right meow!',
  timestamp: '2023-10-12T07:42:50.915Z'
}
{
  message: '🛢   Database is connected successfully',
  level: 'info',
  label: 'right meow!',
  timestamp: '2023-10-12T07:43:14.739Z'
}
{
  message: 'Application  listening on port 5000',
  level: 'info',
  label: 'right meow!',
  timestamp: '2023-10-12T07:43:14.750Z'
}
{
  message: '🛢   Database is connected successfully',
  level: 'info',
  label: 'right meow!',
  timestamp: '2023-10-12T07:43:51.925Z'
}
{
  message: 'Application  listening on port 5000',
  level: 'info',
  label: 'right meow!',
  timestamp: '2023-10-12T07:43:51.940Z'
}
