{
  message: '🛢   Database is connected successfully',
  level: 'info',
  label: 'right meow!',
  timestamp: '2023-10-11T20:06:42.113Z'
}
{
  message: 'Application  listening on port 5000',
  level: 'info',
  label: 'right meow!',
  timestamp: '2023-10-11T20:06:42.149Z'
}
{
  message: '🛢   Database is connected successfully',
  level: 'info',
  label: 'right meow!',
  timestamp: '2023-10-11T20:06:53.634Z'
}
{
  message: 'Application  listening on port 5000',
  level: 'info',
  label: 'right meow!',
  timestamp: '2023-10-11T20:06:53.656Z'
}
{
  message: '🛢   Database is connected successfully',
  level: 'info',
  label: 'right meow!',
  timestamp: '2023-10-11T20:07:05.561Z'
}
{
  message: 'Application  listening on port 5000',
  level: 'info',
  label: 'right meow!',
  timestamp: '2023-10-11T20:07:05.573Z'
}
{
  message: '🛢   Database is connected successfully',
  level: 'info',
  label: 'right meow!',
  timestamp: '2023-10-11T20:07:18.687Z'
}
{
  message: 'Application  listening on port 5000',
  level: 'info',
  label: 'right meow!',
  timestamp: '2023-10-11T20:07:18.698Z'
}
{
  message: '🛢   Database is connected successfully',
  level: 'info',
  label: 'right meow!',
  timestamp: '2023-10-11T20:08:06.888Z'
}
{
  message: 'Application  listening on port 5000',
  level: 'info',
  label: 'right meow!',
  timestamp: '2023-10-11T20:08:06.924Z'
}
{
  message: '🛢   Database is connected successfully',
  level: 'info',
  label: 'right meow!',
  timestamp: '2023-10-11T20:08:11.101Z'
}
{
  message: 'Application  listening on port 5000',
  level: 'info',
  label: 'right meow!',
  timestamp: '2023-10-11T20:08:11.135Z'
}
{
  message: '🛢   Database is connected successfully',
  level: 'info',
  label: 'right meow!',
  timestamp: '2023-10-11T20:08:14.519Z'
}
{
  message: 'Application  listening on port 5000',
  level: 'info',
  label: 'right meow!',
  timestamp: '2023-10-11T20:08:14.567Z'
}
{
  message: '🛢   Database is connected successfully',
  level: 'info',
  label: 'right meow!',
  timestamp: '2023-10-11T20:15:09.367Z'
}
{
  message: 'Application  listening on port 5000',
  level: 'info',
  label: 'right meow!',
  timestamp: '2023-10-11T20:15:09.396Z'
}
{
  message: '🛢   Database is connected successfully',
  level: 'info',
  label: 'right meow!',
  timestamp: '2023-10-11T20:15:14.166Z'
}
{
  message: 'Application  listening on port 5000',
  level: 'info',
  label: 'right meow!',
  timestamp: '2023-10-11T20:15:14.180Z'
}
{
  message: '🛢   Database is connected successfully',
  level: 'info',
  label: 'right meow!',
  timestamp: '2023-10-11T20:15:19.479Z'
}
{
  message: 'Application  listening on port 5000',
  level: 'info',
  label: 'right meow!',
  timestamp: '2023-10-11T20:15:19.495Z'
}
{
  message: '🛢   Database is connected successfully',
  level: 'info',
  label: 'right meow!',
  timestamp: '2023-10-11T20:15:38.994Z'
}
{
  message: '🛢   Database is connected successfully',
  level: 'info',
  label: 'right meow!',
  timestamp: '2023-10-11T20:15:41.176Z'
}
{
  message: 'Application  listening on port 5000',
  level: 'info',
  label: 'right meow!',
  timestamp: '2023-10-11T20:15:41.184Z'
}
{
  message: '🛢   Database is connected successfully',
  level: 'info',
  label: 'right meow!',
  timestamp: '2023-10-11T20:15:43.394Z'
}
{
  message: 'Application  listening on port 5000',
  level: 'info',
  label: 'right meow!',
  timestamp: '2023-10-11T20:15:43.403Z'
}
