{
  message: '🛢   Database is connected successfully',
  level: 'info',
  label: 'right meow!',
  timestamp: '2023-10-11T19:05:49.666Z'
}
{
  message: 'Application  listening on port 5000',
  level: 'info',
  label: 'right meow!',
  timestamp: '2023-10-11T19:05:49.681Z'
}
{
  message: '🛢   Database is connected successfully',
  level: 'info',
  label: 'right meow!',
  timestamp: '2023-10-11T19:07:07.453Z'
}
{
  message: 'Application  listening on port 5000',
  level: 'info',
  label: 'right meow!',
  timestamp: '2023-10-11T19:07:07.476Z'
}
